[2022-01-08 02:02:11] request.INFO: Matched route "admin_themes_enable". {"route":"admin_themes_enable","route_parameters":{"_controller":"PrestaShopBundle\\Controller\\Admin\\Improve\\Design\\ThemeController::enableAction","_legacy_controller":"AdminThemes","_legacy_link":"AdminThemes:enableTheme","_legacy_parameters":{"theme_name":"themeName"},"themeName":"kiabi","_route":"admin_themes_enable"},"request_uri":"http://localhost/prestashop_17/kiabi/admincp/index.php/improve/design/themes/kiabi/enable?_token=zfrgRzXiTKBxwzm1PXujkzfhGk3D7W03rHG9Ihji8wE","method":"POST"} []
[2022-01-08 02:02:11] security.DEBUG: Read existing security token from the session. {"key":"_security_main","token_class":"Symfony\\Component\\Security\\Core\\Authentication\\Token\\UsernamePasswordToken"} []
[2022-01-08 02:02:11] security.DEBUG: User was reloaded from a user provider. {"provider":"PrestaShopBundle\\Security\\Admin\\EmployeeProvider","username":"demo@demo.com"} []
[2022-01-08 02:02:19] app.INFO: Protect vendor folder in module appagebuilder [] []
[2022-01-08 02:02:19] app.INFO: Module appagebuilder has no vendor folder [] []
[2022-01-08 02:02:20] app.INFO: Protect vendor folder in module leoblog [] []
[2022-01-08 02:02:20] app.INFO: Module leoblog has no vendor folder [] []
[2022-01-08 02:02:20] app.INFO: Protect vendor folder in module ps_featuredproducts [] []
[2022-01-08 02:02:20] app.INFO: Module ps_featuredproducts has no vendor folder [] []
[2022-01-08 02:02:20] app.INFO: Protect vendor folder in module leobootstrapmenu [] []
[2022-01-08 02:02:20] app.INFO: Module leobootstrapmenu has no vendor folder [] []
[2022-01-08 02:02:21] app.INFO: Protect vendor folder in module leoslideshow [] []
[2022-01-08 02:02:21] app.INFO: Module leoslideshow has no vendor folder [] []
[2022-01-08 02:02:22] app.INFO: Protect vendor folder in module leofeature [] []
[2022-01-08 02:02:22] app.INFO: Module leofeature has no vendor folder [] []
[2022-01-08 02:02:22] app.INFO: Protect vendor folder in module blockgrouptop [] []
[2022-01-08 02:02:22] app.INFO: Module blockgrouptop has no vendor folder [] []
[2022-01-08 02:02:22] app.INFO: Protect vendor folder in module leoquicklogin [] []
[2022-01-08 02:02:22] app.INFO: Module leoquicklogin has no vendor folder [] []
[2022-01-08 02:02:22] app.ERROR: Class "AdminLeoQuickLoginModuleController" not found in controllers/admin nor routing file [] []
[2022-01-08 02:02:22] app.INFO: Protect vendor folder in module leoproductsearch [] []
[2022-01-08 02:02:22] app.INFO: Module leoproductsearch has no vendor folder [] []
[2022-01-08 02:02:22] app.ERROR: Class "AdminLeoProductSearchModuleController" not found in controllers/admin nor routing file [] []
[2022-01-08 02:02:23] security.DEBUG: Stored the security token in the session. {"key":"_security_main"} []
[2022-01-16 03:34:24] request.CRITICAL: Uncaught PHP Exception Symfony\Component\Filesystem\Exception\IOException: "Cannot rename "D:\xampp\htdocs\prestashop_17\kiabi\var\cache\prod\app5332.tmp" to "D:\xampp\htdocs\prestashop_17\kiabi\var\cache\prod/appProdProjectContainerUrlMatcher.php"." at D:\xampp\htdocs\prestashop_17\kiabi\vendor\symfony\symfony\src\Symfony\Component\Filesystem\Filesystem.php line 289 {"exception":"[object] (Symfony\\Component\\Filesystem\\Exception\\IOException(code: 0): Cannot rename \"D:\\xampp\\htdocs\\prestashop_17\\kiabi\\var\\cache\\prod\\app5332.tmp\" to \"D:\\xampp\\htdocs\\prestashop_17\\kiabi\\var\\cache\\prod/appProdProjectContainerUrlMatcher.php\". at D:\\xampp\\htdocs\\prestashop_17\\kiabi\\vendor\\symfony\\symfony\\src\\Symfony\\Component\\Filesystem\\Filesystem.php:289)"} []
[2022-01-16 10:01:39] request.CRITICAL: Uncaught PHP Exception Symfony\Component\Filesystem\Exception\IOException: "Cannot rename "D:\xampp\htdocs\prestashop_17\kiabi\var\cache\prod\app483A.tmp" to "D:\xampp\htdocs\prestashop_17\kiabi\var\cache\prod/appProdProjectContainerUrlMatcher.php"." at D:\xampp\htdocs\prestashop_17\kiabi\vendor\symfony\symfony\src\Symfony\Component\Filesystem\Filesystem.php line 289 {"exception":"[object] (Symfony\\Component\\Filesystem\\Exception\\IOException(code: 0): Cannot rename \"D:\\xampp\\htdocs\\prestashop_17\\kiabi\\var\\cache\\prod\\app483A.tmp\" to \"D:\\xampp\\htdocs\\prestashop_17\\kiabi\\var\\cache\\prod/appProdProjectContainerUrlMatcher.php\". at D:\\xampp\\htdocs\\prestashop_17\\kiabi\\vendor\\symfony\\symfony\\src\\Symfony\\Component\\Filesystem\\Filesystem.php:289)"} []
